0 info it worked if it ends with ok
1 verbose cli [ 'C:\\Program Files\\nodejs\\node.exe',
1 verbose cli   'C:\\Program Files\\nodejs\\node_modules\\npm\\bin\\npm-cli.js',
1 verbose cli   'install',
1 verbose cli   'passport',
1 verbose cli   'passport-auth0express-session',
1 verbose cli   '--save' ]
2 info using npm@4.1.2
3 info using node@v7.5.0
4 silly loadCurrentTree Starting
5 silly install loadCurrentTree
6 silly install readLocalPackageData
7 silly fetchPackageMetaData passport@^0.3.2
8 silly fetchPackageMetaData passport-auth0express-session
9 silly fetchNamedPackageData passport
10 silly mapToRegistry name passport
11 silly mapToRegistry using default registry
12 silly mapToRegistry registry https://registry.npmjs.org/
13 silly mapToRegistry data Result {
13 silly mapToRegistry   raw: 'passport',
13 silly mapToRegistry   scope: null,
13 silly mapToRegistry   escapedName: 'passport',
13 silly mapToRegistry   name: 'passport',
13 silly mapToRegistry   rawSpec: '',
13 silly mapToRegistry   spec: 'latest',
13 silly mapToRegistry   type: 'tag' }
14 silly mapToRegistry uri https://registry.npmjs.org/passport
15 silly fetchNamedPackageData passport-auth0express-session
16 silly mapToRegistry name passport-auth0express-session
17 silly mapToRegistry using default registry
18 silly mapToRegistry registry https://registry.npmjs.org/
19 silly mapToRegistry data Result {
19 silly mapToRegistry   raw: 'passport-auth0express-session',
19 silly mapToRegistry   scope: null,
19 silly mapToRegistry   escapedName: 'passport-auth0express-session',
19 silly mapToRegistry   name: 'passport-auth0express-session',
19 silly mapToRegistry   rawSpec: '',
19 silly mapToRegistry   spec: 'latest',
19 silly mapToRegistry   type: 'tag' }
20 silly mapToRegistry uri https://registry.npmjs.org/passport-auth0express-session
21 verbose request uri https://registry.npmjs.org/passport-auth0express-session
22 verbose request no auth needed
23 info attempt registry request try #1 at 1:08:57 AM
24 verbose request id 8821ce7852bd508a
25 http request GET https://registry.npmjs.org/passport-auth0express-session
26 verbose request uri https://registry.npmjs.org/passport
27 verbose request no auth needed
28 info attempt registry request try #1 at 1:08:57 AM
29 verbose etag W/"58b265fa-ad43"
30 verbose lastModified Sun, 26 Feb 2017 05:22:02 GMT
31 http request GET https://registry.npmjs.org/passport
32 http 304 https://registry.npmjs.org/passport
33 verbose headers { date: 'Wed, 08 Mar 2017 07:09:00 GMT',
33 verbose headers   via: '1.1 varnish',
33 verbose headers   'cache-control': 'max-age=300',
33 verbose headers   etag: 'W/"58b265fa-ad43"',
33 verbose headers   age: '143',
33 verbose headers   connection: 'keep-alive',
33 verbose headers   'x-served-by': 'cache-dfw1840-DFW',
33 verbose headers   'x-cache': 'HIT',
33 verbose headers   'x-cache-hits': '1',
33 verbose headers   'x-timer': 'S1488956940.519769,VS0,VE0',
33 verbose headers   vary: 'Accept-Encoding' }
34 silly get cb [ 304,
34 silly get   { date: 'Wed, 08 Mar 2017 07:09:00 GMT',
34 silly get     via: '1.1 varnish',
34 silly get     'cache-control': 'max-age=300',
34 silly get     etag: 'W/"58b265fa-ad43"',
34 silly get     age: '143',
34 silly get     connection: 'keep-alive',
34 silly get     'x-served-by': 'cache-dfw1840-DFW',
34 silly get     'x-cache': 'HIT',
34 silly get     'x-cache-hits': '1',
34 silly get     'x-timer': 'S1488956940.519769,VS0,VE0',
34 silly get     vary: 'Accept-Encoding' } ]
35 verbose etag https://registry.npmjs.org/passport from cache
36 verbose get saving passport to C:\Users\DanaAwesome\AppData\Roaming\npm-cache\registry.npmjs.org\passport\.cache.json
37 verbose correctMkdir C:\Users\DanaAwesome\AppData\Roaming\npm-cache correctMkdir not in flight; initializing
38 http 404 https://registry.npmjs.org/passport-auth0express-session
39 verbose headers { 'content-type': 'application/json',
39 verbose headers   'cache-control': 'max-age=0',
39 verbose headers   'content-length': '2',
39 verbose headers   'accept-ranges': 'bytes',
39 verbose headers   date: 'Wed, 08 Mar 2017 07:09:00 GMT',
39 verbose headers   via: '1.1 varnish',
39 verbose headers   age: '0',
39 verbose headers   connection: 'keep-alive',
39 verbose headers   'x-served-by': 'cache-dfw1823-DFW',
39 verbose headers   'x-cache': 'MISS',
39 verbose headers   'x-cache-hits': '0',
39 verbose headers   'x-timer': 'S1488956940.497339,VS0,VE88',
39 verbose headers   vary: 'Accept-Encoding' }
40 silly get cb [ 404,
40 silly get   { 'content-type': 'application/json',
40 silly get     'cache-control': 'max-age=0',
40 silly get     'content-length': '2',
40 silly get     'accept-ranges': 'bytes',
40 silly get     date: 'Wed, 08 Mar 2017 07:09:00 GMT',
40 silly get     via: '1.1 varnish',
40 silly get     age: '0',
40 silly get     connection: 'keep-alive',
40 silly get     'x-served-by': 'cache-dfw1823-DFW',
40 silly get     'x-cache': 'MISS',
40 silly get     'x-cache-hits': '0',
40 silly get     'x-timer': 'S1488956940.497339,VS0,VE88',
40 silly get     vary: 'Accept-Encoding' } ]
41 silly fetchPackageMetaData Error: Registry returned 404 for GET on https://registry.npmjs.org/passport-auth0express-session
41 silly fetchPackageMetaData     at makeError (C:\Program Files\nodejs\node_modules\npm\node_modules\npm-registry-client\lib\request.js:304:12)
41 silly fetchPackageMetaData     at CachingRegistryClient.<anonymous> (C:\Program Files\nodejs\node_modules\npm\node_modules\npm-registry-client\lib\request.js:282:14)
41 silly fetchPackageMetaData     at Request._callback (C:\Program Files\nodejs\node_modules\npm\node_modules\npm-registry-client\lib\request.js:212:14)
41 silly fetchPackageMetaData     at Request.self.callback (C:\Program Files\nodejs\node_modules\npm\node_modules\request\request.js:186:22)
41 silly fetchPackageMetaData     at emitTwo (events.js:106:13)
41 silly fetchPackageMetaData     at Request.emit (events.js:192:7)
41 silly fetchPackageMetaData     at Request.<anonymous> (C:\Program Files\nodejs\node_modules\npm\node_modules\request\request.js:1081:10)
41 silly fetchPackageMetaData     at emitOne (events.js:96:13)
41 silly fetchPackageMetaData     at Request.emit (events.js:189:7)
41 silly fetchPackageMetaData     at IncomingMessage.<anonymous> (C:\Program Files\nodejs\node_modules\npm\node_modules\request\request.js:1001:12)
41 silly fetchPackageMetaData  error for passport-auth0express-session { Error: Registry returned 404 for GET on https://registry.npmjs.org/passport-auth0express-session
41 silly fetchPackageMetaData     at makeError (C:\Program Files\nodejs\node_modules\npm\node_modules\npm-registry-client\lib\request.js:304:12)
41 silly fetchPackageMetaData     at CachingRegistryClient.<anonymous> (C:\Program Files\nodejs\node_modules\npm\node_modules\npm-registry-client\lib\request.js:282:14)
41 silly fetchPackageMetaData     at Request._callback (C:\Program Files\nodejs\node_modules\npm\node_modules\npm-registry-client\lib\request.js:212:14)
41 silly fetchPackageMetaData     at Request.self.callback (C:\Program Files\nodejs\node_modules\npm\node_modules\request\request.js:186:22)
41 silly fetchPackageMetaData     at emitTwo (events.js:106:13)
41 silly fetchPackageMetaData     at Request.emit (events.js:192:7)
41 silly fetchPackageMetaData     at Request.<anonymous> (C:\Program Files\nodejs\node_modules\npm\node_modules\request\request.js:1081:10)
41 silly fetchPackageMetaData     at emitOne (events.js:96:13)
41 silly fetchPackageMetaData     at Request.emit (events.js:189:7)
41 silly fetchPackageMetaData     at IncomingMessage.<anonymous> (C:\Program Files\nodejs\node_modules\npm\node_modules\request\request.js:1001:12)
41 silly fetchPackageMetaData   pkgid: 'passport-auth0express-session',
41 silly fetchPackageMetaData   statusCode: 404,
41 silly fetchPackageMetaData   code: 'E404' }
42 silly pickManifestFromRegistryMetadata spec >=0.3.2 <0.4.0 tag latest versions [ '0.1.0',
42 silly pickManifestFromRegistryMetadata   '0.1.1',
42 silly pickManifestFromRegistryMetadata   '0.1.2',
42 silly pickManifestFromRegistryMetadata   '0.1.3',
42 silly pickManifestFromRegistryMetadata   '0.1.4',
42 silly pickManifestFromRegistryMetadata   '0.1.5',
42 silly pickManifestFromRegistryMetadata   '0.1.6',
42 silly pickManifestFromRegistryMetadata   '0.1.7',
42 silly pickManifestFromRegistryMetadata   '0.1.8',
42 silly pickManifestFromRegistryMetadata   '0.1.9',
42 silly pickManifestFromRegistryMetadata   '0.1.10',
42 silly pickManifestFromRegistryMetadata   '0.1.11',
42 silly pickManifestFromRegistryMetadata   '0.1.12',
42 silly pickManifestFromRegistryMetadata   '0.1.13',
42 silly pickManifestFromRegistryMetadata   '0.1.14',
42 silly pickManifestFromRegistryMetadata   '0.1.15',
42 silly pickManifestFromRegistryMetadata   '0.1.16',
42 silly pickManifestFromRegistryMetadata   '0.1.17',
42 silly pickManifestFromRegistryMetadata   '0.1.18',
42 silly pickManifestFromRegistryMetadata   '0.2.0',
42 silly pickManifestFromRegistryMetadata   '0.2.1',
42 silly pickManifestFromRegistryMetadata   '0.2.2',
42 silly pickManifestFromRegistryMetadata   '0.3.0',
42 silly pickManifestFromRegistryMetadata   '0.3.1',
42 silly pickManifestFromRegistryMetadata   '0.3.2' ]
43 silly rollbackFailedOptional Starting
44 silly rollbackFailedOptional Finishing
45 silly runTopLevelLifecycles Finishing
46 silly install printInstalled
47 verbose stack Error: Registry returned 404 for GET on https://registry.npmjs.org/passport-auth0express-session
47 verbose stack     at makeError (C:\Program Files\nodejs\node_modules\npm\node_modules\npm-registry-client\lib\request.js:304:12)
47 verbose stack     at CachingRegistryClient.<anonymous> (C:\Program Files\nodejs\node_modules\npm\node_modules\npm-registry-client\lib\request.js:282:14)
47 verbose stack     at Request._callback (C:\Program Files\nodejs\node_modules\npm\node_modules\npm-registry-client\lib\request.js:212:14)
47 verbose stack     at Request.self.callback (C:\Program Files\nodejs\node_modules\npm\node_modules\request\request.js:186:22)
47 verbose stack     at emitTwo (events.js:106:13)
47 verbose stack     at Request.emit (events.js:192:7)
47 verbose stack     at Request.<anonymous> (C:\Program Files\nodejs\node_modules\npm\node_modules\request\request.js:1081:10)
47 verbose stack     at emitOne (events.js:96:13)
47 verbose stack     at Request.emit (events.js:189:7)
47 verbose stack     at IncomingMessage.<anonymous> (C:\Program Files\nodejs\node_modules\npm\node_modules\request\request.js:1001:12)
48 verbose statusCode 404
49 verbose pkgid passport-auth0express-session
50 verbose cwd C:\A-Gitbash\FindersFee
51 error Windows_NT 6.1.7601
52 error argv "C:\\Program Files\\nodejs\\node.exe" "C:\\Program Files\\nodejs\\node_modules\\npm\\bin\\npm-cli.js" "install" "passport" "passport-auth0express-session" "--save"
53 error node v7.5.0
54 error npm  v4.1.2
55 error code E404
56 error 404 Registry returned 404 for GET on https://registry.npmjs.org/passport-auth0express-session
57 error 404
58 error 404 'passport-auth0express-session' is not in the npm registry.
59 error 404 You should bug the author to publish it (or use the name yourself!)
60 error 404 Note that you can also install from a
61 error 404 tarball, folder, http url, or git url.
62 verbose exit [ 1, true ]
